# JRE version: Java(TM) SE Runtime Environment (8.0_74-b02) (build 1.8.0_74-b02)
# Java VM: Java HotSpot(TM) 64-Bit Server VM (25.74-b02 mixed mode linux-amd64 compressed oops)
Heap:
 PSYoungGen      total 135680K, used 8682K [0x00000000ebd80000, 0x00000000f4a80000, 0x0000000100000000)
  eden space 126976K, 0% used [0x00000000ebd80000,0x00000000ebd80000,0x00000000f3980000)
  from space 8704K, 99% used [0x00000000f3980000,0x00000000f41fa978,0x00000000f4200000)
  to   space 8704K, 0% used [0x00000000f4200000,0x00000000f4200000,0x00000000f4a80000)
 ParOldGen       total 38400K, used 13982K [0x00000000c3800000, 0x00000000c5d80000, 0x00000000ebd80000)
  object space 38400K, 36% used [0x00000000c3800000,0x00000000c45a7bb8,0x00000000c5d80000)
 Metaspace       used 26852K, capacity 27036K, committed 27264K, reserved 1073152K
  class space    used 3310K, capacity 3359K, committed 3456K, reserved 1048576K
GC Heap History (10 events):
Event: 5,226 GC heap after
Heap after GC invocations=5 (full 0):
 PSYoungGen      total 34304K, used 2529K [0x00000000ebd80000, 0x00000000f0980000, 0x0000000100000000)
  eden space 31744K, 0% used [0x00000000ebd80000,0x00000000ebd80000,0x00000000edc80000)
  from space 2560K, 98% used [0x00000000edc80000,0x00000000edef87f8,0x00000000edf00000)
  to   space 7168K, 0% used [0x00000000f0280000,0x00000000f0280000,0x00000000f0980000)
 ParOldGen       total 42496K, used 11653K [0x00000000c3800000, 0x00000000c6180000, 0x00000000ebd80000)
  object space 42496K, 27% used [0x00000000c3800000,0x00000000c4361618,0x00000000c6180000)
 Metaspace       used 16669K, capacity 16850K, committed 17024K, reserved 1064960K
  class space    used 2035K, capacity 2093K, committed 2176K, reserved 1048576K
}
Event: 5,750 GC heap before
{Heap before GC invocations=6 (full 0):
 PSYoungGen      total 34304K, used 34273K [0x00000000ebd80000, 0x00000000f0980000, 0x0000000100000000)
  eden space 31744K, 100% used [0x00000000ebd80000,0x00000000edc80000,0x00000000edc80000)
  from space 2560K, 98% used [0x00000000edc80000,0x00000000edef87f8,0x00000000edf00000)
  to   space 7168K, 0% used [0x00000000f0280000,0x00000000f0280000,0x00000000f0980000)
 ParOldGen       total 42496K, used 11656K [0x00000000c3800000, 0x00000000c6180000, 0x00000000ebd80000)
  object space 42496K, 27% used [0x00000000c3800000,0x00000000c43621b8,0x00000000c6180000)
 Metaspace       used 17470K, capacity 17698K, committed 17792K, reserved 1064960K
  class space    used 2126K, capacity 2160K, committed 2176K, reserved 1048576K
Event: 5,787 GC heap after
Heap after GC invocations=6 (full 0):
 PSYoungGen      total 70656K, used 5016K [0x00000000ebd80000, 0x00000000f0980000, 0x0000000100000000)
  eden space 63488K, 0% used [0x00000000ebd80000,0x00000000ebd80000,0x00000000efb80000)
  from space 7168K, 69% used [0x00000000f0280000,0x00000000f07661e0,0x00000000f0980000)
  to   space 7168K, 0% used [0x00000000efb80000,0x00000000efb80000,0x00000000f0280000)
 ParOldGen       total 42496K, used 11656K [0x00000000c3800000, 0x00000000c6180000, 0x00000000ebd80000)
  object space 42496K, 27% used [0x00000000c3800000,0x00000000c43621b8,0x00000000c6180000)
 Metaspace       used 17470K, capacity 17698K, committed 17792K, reserved 1064960K
  class space    used 2126K, capacity 2160K, committed 2176K, reserved 1048576K
}
Event: 6,842 GC heap before
{Heap before GC invocations=7 (full 0):
 PSYoungGen      total 70656K, used 68504K [0x00000000ebd80000, 0x00000000f0980000, 0x0000000100000000)
  eden space 63488K, 100% used [0x00000000ebd80000,0x00000000efb80000,0x00000000efb80000)
  from space 7168K, 69% used [0x00000000f0280000,0x00000000f07661e0,0x00000000f0980000)
  to   space 7168K, 0% used [0x00000000efb80000,0x00000000efb80000,0x00000000f0280000)
 ParOldGen       total 42496K, used 11656K [0x00000000c3800000, 0x00000000c6180000, 0x00000000ebd80000)
  object space 42496K, 27% used [0x00000000c3800000,0x00000000c43621b8,0x00000000c6180000)
 Metaspace       used 18599K, capacity 18772K, committed 19072K, reserved 1067008K
  class space    used 2291K, capacity 2323K, committed 2432K, reserved 1048576K
Event: 6,893 GC heap after
Heap after GC invocations=7 (full 0):
 PSYoungGen      total 70656K, used 7164K [0x00000000ebd80000, 0x00000000f4a80000, 0x0000000100000000)
  eden space 63488K, 0% used [0x00000000ebd80000,0x00000000ebd80000,0x00000000efb80000)
  from space 7168K, 99% used [0x00000000efb80000,0x00000000f027f108,0x00000000f0280000)
  to   space 8704K, 0% used [0x00000000f4200000,0x00000000f4200000,0x00000000f4a80000)
 ParOldGen       total 42496K, used 13339K [0x00000000c3800000, 0x00000000c6180000, 0x00000000ebd80000)
  object space 42496K, 31% used [0x00000000c3800000,0x00000000c4506c78,0x00000000c6180000)
 Metaspace       used 18599K, capacity 18772K, committed 19072K, reserved 1067008K
  class space    used 2291K, capacity 2323K, committed 2432K, reserved 1048576K
}
Event: 8,576 GC heap before
{Heap before GC invocations=8 (full 0):
 PSYoungGen      total 70656K, used 51679K [0x00000000ebd80000, 0x00000000f4a80000, 0x0000000100000000)
  eden space 63488K, 70% used [0x00000000ebd80000,0x00000000ee8f8b20,0x00000000efb80000)
  from space 7168K, 99% used [0x00000000efb80000,0x00000000f027f108,0x00000000f0280000)
  to   space 8704K, 0% used [0x00000000f4200000,0x00000000f4200000,0x00000000f4a80000)
 ParOldGen       total 42496K, used 13339K [0x00000000c3800000, 0x00000000c6180000, 0x00000000ebd80000)
  object space 42496K, 31% used [0x00000000c3800000,0x00000000c4506c78,0x00000000c6180000)
 Metaspace       used 20929K, capacity 21112K, committed 21296K, reserved 1069056K
  class space    used 2597K, capacity 2649K, committed 2688K, reserved 1048576K
Event: 8,605 GC heap after
Heap after GC invocations=8 (full 0):
 PSYoungGen      total 135680K, used 6182K [0x00000000ebd80000, 0x00000000f4a80000, 0x0000000100000000)
  eden space 126976K, 0% used [0x00000000ebd80000,0x00000000ebd80000,0x00000000f3980000)
  from space 8704K, 71% used [0x00000000f4200000,0x00000000f4809838,0x00000000f4a80000)
  to   space 8704K, 0% used [0x00000000f3980000,0x00000000f3980000,0x00000000f4200000)
 ParOldGen       total 42496K, used 13723K [0x00000000c3800000, 0x00000000c6180000, 0x00000000ebd80000)
  object space 42496K, 32% used [0x00000000c3800000,0x00000000c4566c78,0x00000000c6180000)
 Metaspace       used 20929K, capacity 21112K, committed 21296K, reserved 1069056K
  class space    used 2597K, capacity 2649K, committed 2688K, reserved 1048576K
}
Event: 8,605 GC heap before
{Heap before GC invocations=9 (full 1):
 PSYoungGen      total 135680K, used 6182K [0x00000000ebd80000, 0x00000000f4a80000, 0x0000000100000000)
  eden space 126976K, 0% used [0x00000000ebd80000,0x00000000ebd80000,0x00000000f3980000)
  from space 8704K, 71% used [0x00000000f4200000,0x00000000f4809838,0x00000000f4a80000)
  to   space 8704K, 0% used [0x00000000f3980000,0x00000000f3980000,0x00000000f4200000)
 ParOldGen       total 42496K, used 13723K [0x00000000c3800000, 0x00000000c6180000, 0x00000000ebd80000)
  object space 42496K, 32% used [0x00000000c3800000,0x00000000c4566c78,0x00000000c6180000)
 Metaspace       used 20929K, capacity 21112K, committed 21296K, reserved 1069056K
  class space    used 2597K, capacity 2649K, committed 2688K, reserved 1048576K
Event: 8,684 GC heap after
Heap after GC invocations=9 (full 1):
 PSYoungGen      total 135680K, used 0K [0x00000000ebd80000, 0x00000000f4a80000, 0x0000000100000000)
  eden space 126976K, 0% used [0x00000000ebd80000,0x00000000ebd80000,0x00000000f3980000)
  from space 8704K, 0% used [0x00000000f4200000,0x00000000f4200000,0x00000000f4a80000)
  to   space 8704K, 0% used [0x00000000f3980000,0x00000000f3980000,0x00000000f4200000)
 ParOldGen       total 38400K, used 13548K [0x00000000c3800000, 0x00000000c5d80000, 0x00000000ebd80000)
  object space 38400K, 35% used [0x00000000c3800000,0x00000000c453b160,0x00000000c5d80000)
 Metaspace       used 20929K, capacity 21112K, committed 21296K, reserved 1069056K
  class space    used 2597K, capacity 2649K, committed 2688K, reserved 1048576K
}
Event: 27,794 GC heap before
{Heap before GC invocations=10 (full 1):
 PSYoungGen      total 135680K, used 126976K [0x00000000ebd80000, 0x00000000f4a80000, 0x0000000100000000)
  eden space 126976K, 100% used [0x00000000ebd80000,0x00000000f3980000,0x00000000f3980000)
  from space 8704K, 0% used [0x00000000f4200000,0x00000000f4200000,0x00000000f4a80000)
  to   space 8704K, 0% used [0x00000000f3980000,0x00000000f3980000,0x00000000f4200000)
 ParOldGen       total 38400K, used 13548K [0x00000000c3800000, 0x00000000c5d80000, 0x00000000ebd80000)
  object space 38400K, 35% used [0x00000000c3800000,0x00000000c453b160,0x00000000c5d80000)
 Metaspace       used 26852K, capacity 27036K, committed 27264K, reserved 1073152K
  class space    used 3310K, capacity 3359K, committed 3456K, reserved 1048576K

